Using pre-set license
Built from '2021.3/staging' branch; Version is '2021.3.13f1 (9e7d58001ecf) revision 10386776'; Using compiler version '192829333'; Build Type 'Release'
OS: 'Windows 10  (10.0.19044) 64bit Professional' Language: 'ko' Physical Memory: 16322 MB
BatchMode: 1, IsHumanControllingUs: 0, StartBugReporterOnCrash: 0, Is64bit: 1, IsPro: 1

COMMAND LINE ARGUMENTS:
C:\Program Files\Unity\Hub\Editor\2021.3.13f1\Editor\Unity.exe
-adb2
-batchMode
-noUpm
-name
AssetImportWorker2
-projectPath
C:/Users/1302/Desktop/VRVR/My project
-logFile
Logs/AssetImportWorker2.log
-srvPort
10721
Successfully changed project path to: C:/Users/1302/Desktop/VRVR/My project
C:/Users/1302/Desktop/VRVR/My project
[UnityMemory] Configuration Parameters - Can be set up in boot.config
    "memorysetup-bucket-allocator-granularity=16"
    "memorysetup-bucket-allocator-bucket-count=8"
    "memorysetup-bucket-allocator-block-size=33554432"
    "memorysetup-bucket-allocator-block-count=8"
    "memorysetup-main-allocator-block-size=16777216"
    "memorysetup-thread-allocator-block-size=16777216"
    "memorysetup-gfx-main-allocator-block-size=16777216"
    "memorysetup-gfx-thread-allocator-block-size=16777216"
    "memorysetup-cache-allocator-block-size=4194304"
    "memorysetup-typetree-allocator-block-size=2097152"
    "memorysetup-profiler-bucket-allocator-granularity=16"
    "memorysetup-profiler-bucket-allocator-bucket-count=8"
    "memorysetup-profiler-bucket-allocator-block-size=33554432"
    "memorysetup-profiler-bucket-allocator-block-count=8"
    "memorysetup-profiler-allocator-block-size=16777216"
    "memorysetup-profiler-editor-allocator-block-size=1048576"
    "memorysetup-temp-allocator-size-main=16777216"
    "memorysetup-job-temp-allocator-block-size=2097152"
    "memorysetup-job-temp-allocator-block-size-background=1048576"
    "memorysetup-job-temp-allocator-reduction-small-platforms=262144"
    "memorysetup-temp-allocator-size-background-worker=32768"
    "memorysetup-temp-allocator-size-job-worker=262144"
    "memorysetup-temp-allocator-size-preload-manager=33554432"
    "memorysetup-temp-allocator-size-nav-mesh-worker=65536"
    "memorysetup-temp-allocator-size-audio-worker=65536"
    "memorysetup-temp-allocator-size-cloud-worker=32768"
    "memorysetup-temp-allocator-size-gi-baking-worker=262144"
    "memorysetup-temp-allocator-size-gfx=262144"
Refreshing native plugins compatible for Editor in 181.63 ms, found 19 plugins.
Preloading 1 native plugins for Editor in 0.71 ms.
Initialize engine version: 2021.3.13f1 (9e7d58001ecf)
[Subsystems] Discovering subsystems at path C:/Program Files/Unity/Hub/Editor/2021.3.13f1/Editor/Data/Resources/UnitySubsystems
[Subsystems] Discovering subsystems at path C:/Users/1302/Desktop/VRVR/My project/Assets
GfxDevice: creating device client; threaded=0; jobified=0
Direct3D:
    Version:  Direct3D 11.0 [level 11.1]
    Renderer: NVIDIA GeForce GTX 1660 (ID=0x2184)
    Vendor:   NVIDIA
    VRAM:     5991 MB
    Driver:   27.21.14.5751
Shader 'Custom/NewSurfaceShader': fallback shader 'Legacy Shaders/Transparent/Vertexlit' not found
Shader 'Oculus/OVRMRCameraFrameLit': fallback shader 'Alpha-Diffuse' not found
Initialize mono
Mono path[0] = 'C:/Program Files/Unity/Hub/Editor/2021.3.13f1/Editor/Data/Managed'
Mono path[1] = 'C:/Program Files/Unity/Hub/Editor/2021.3.13f1/Editor/Data/MonoBleedingEdge/lib/mono/unityjit-win32'
Mono config path = 'C:/Program Files/Unity/Hub/Editor/2021.3.13f1/Editor/Data/MonoBleedingEdge/etc'
Using monoOptions --debugger-agent=transport=dt_socket,embedding=1,server=y,suspend=n,address=127.0.0.1:56948
Begin MonoManager ReloadAssembly
Registering precompiled unity dll's ...
Register platform support module: C:/Program Files/Unity/Hub/Editor/2021.3.13f1/Editor/Data/PlaybackEngines/AndroidPlayer/UnityEditor.Android.Extensions.dll
Register platform support module: C:/Program Files/Unity/Hub/Editor/2021.3.13f1/Editor/Data/PlaybackEngines/WindowsStandaloneSupport/UnityEditor.WindowsStandalone.Extensions.dll
Registered in 0.011650 seconds.
Native extension for WindowsStandalone target not found
Native extension for Android target not found
Refreshing native plugins compatible for Editor in 166.82 ms, found 19 plugins.
Preloading 1 native plugins for Editor in 0.16 ms.
Mono: successfully reloaded assembly
- Completed reload, in  0.823 seconds
Domain Reload Profiling:
	ReloadAssembly (824ms)
		BeginReloadAssembly (93ms)
			ExecutionOrderSort (0ms)
			DisableScriptedObjects (0ms)
			BackupInstance (0ms)
			ReleaseScriptingObjects (0ms)
			CreateAndSetChildDomain (1ms)
		EndReloadAssembly (605ms)
			LoadAssemblies (90ms)
			RebuildTransferFunctionScriptingTraits (0ms)
			SetupTypeCache (112ms)
			ReleaseScriptCaches (0ms)
			RebuildScriptCaches (28ms)
			SetupLoadedEditorAssemblies (393ms)
				LogAssemblyErrors (0ms)
				InitializePlatformSupportModulesInManaged (61ms)
				SetLoadedEditorAssemblies (0ms)
				RefreshPlugins (167ms)
				BeforeProcessingInitializeOnLoad (2ms)
				ProcessInitializeOnLoadAttributes (111ms)
				ProcessInitializeOnLoadMethodAttributes (53ms)
				AfterProcessingInitializeOnLoad (0ms)
				EditorAssembliesLoaded (0ms)
			ExecutionOrderSort2 (0ms)
			AwakeInstancesAfterBackupRestoration (0ms)
Platform modules already initialized, skipping
Registering precompiled user dll's ...
Registered in 0.027863 seconds.
Android Extension - Scanning For ADB Devices 773 ms
Begin MonoManager ReloadAssembly
Native extension for WindowsStandalone target not found
Native extension for Android target not found
Refreshing native plugins compatible for Editor in 148.60 ms, found 19 plugins.
Preloading 1 native plugins for Editor in 0.21 ms.
CreateSerializedAsset is not supported while importing out-of-process
UnityEngine.StackTraceUtility:ExtractStackTrace ()
PlayFab.PfEditor.PlayFabEditorPrefsSO:get_Instance () (at Assets/06.ETC/PlayFabEditorExtensions/Editor/Scripts/Utils/PlayFabEditorPrefsSO.cs:38)
PlayFab.PfEditor.SubMenuComponent:RegisterMenuItem (string,System.Action) (at Assets/06.ETC/PlayFabEditorExtensions/Editor/Scripts/Components/SubMenuComponent.cs:42)
PlayFab.PfEditor.PlayFabEditorDataMenu:RegisterMenu () (at Assets/06.ETC/PlayFabEditorExtensions/Editor/Scripts/Panels/PlayFabEditorDataMenu.cs:93)
PlayFab.PfEditor.PlayFabEditorDataMenu:.cctor () (at Assets/06.ETC/PlayFabEditorExtensions/Editor/Scripts/Panels/PlayFabEditorDataMenu.cs:74)
System.Runtime.CompilerServices.RuntimeHelpers:RunClassConstructor (System.RuntimeTypeHandle)
UnityEditor.EditorAssemblies:ProcessInitializeOnLoadAttributes (System.Type[])

[Assets/06.ETC/PlayFabEditorExtensions/Editor/Scripts/Utils/PlayFabEditorPrefsSO.cs line 38]

UnityEngine.UnityException: Creating asset at path Assets/PlayFabEditorExtensions/Editor/Resources/PlayFabEditorPrefsSO.asset failed.
  at (wrapper managed-to-native) UnityEditor.AssetDatabase.CreateAsset(UnityEngine.Object,string)
  at PlayFab.PfEditor.PlayFabEditorPrefsSO.get_Instance () [0x00084] in C:\Users\1302\Desktop\VRVR\My project\Assets\06.ETC\PlayFabEditorExtensions\Editor\Scripts\Utils\PlayFabEditorPrefsSO.cs:38 
  at PlayFab.PfEditor.SubMenuComponent.RegisterMenuItem (System.String n, System.Action m) [0x00010] in C:\Users\1302\Desktop\VRVR\My project\Assets\06.ETC\PlayFabEditorExtensions\Editor\Scripts\Components\SubMenuComponent.cs:42 
  at PlayFab.PfEditor.PlayFabEditorDataMenu.RegisterMenu () [0x00018] in C:\Users\1302\Desktop\VRVR\My project\Assets\06.ETC\PlayFabEditorExtensions\Editor\Scripts\Panels\PlayFabEditorDataMenu.cs:93 
  at PlayFab.PfEditor.PlayFabEditorDataMenu..cctor () [0x0003a] in C:\Users\1302\Desktop\VRVR\My project\Assets\06.ETC\PlayFabEditorExtensions\Editor\Scripts\Panels\PlayFabEditorDataMenu.cs:74 
UnityEngine.StackTraceUtility:ExtractStackTrace ()
UnityEngine.DebugLogHandler:LogFormat (UnityEngine.LogType,UnityEngine.Object,string,object[])
UnityEngine.Logger:Log (UnityEngine.LogType,object)
UnityEngine.Debug:LogError (object)
UnityEditor.EditorAssemblies:ProcessInitializeOnLoadAttributes (System.Type[])

Package Manager log level set to [2]
[XR] OculusXRPlugin: registering subsystems
[XR] Unable to register display lifecyle provider: [1]
[XR] Oculus Input lifecycle provider registered.
[XR] Unable to register input lifecyle provider: [1]
[XR] OVRP version 1.74.0
Mono: successfully reloaded assembly
- Completed reload, in  2.163 seconds
Domain Reload Profiling:
	ReloadAssembly (2164ms)
		BeginReloadAssembly (164ms)
			ExecutionOrderSort (0ms)
			DisableScriptedObjects (6ms)
			BackupInstance (0ms)
			ReleaseScriptingObjects (0ms)
			CreateAndSetChildDomain (30ms)
		EndReloadAssembly (1866ms)
			LoadAssemblies (166ms)
			RebuildTransferFunctionScriptingTraits (0ms)
			SetupTypeCache (344ms)
			ReleaseScriptCaches (1ms)
			RebuildScriptCaches (117ms)
			SetupLoadedEditorAssemblies (1200ms)
				LogAssemblyErrors (0ms)
				InitializePlatformSupportModulesInManaged (18ms)
				SetLoadedEditorAssemblies (0ms)
				RefreshPlugins (149ms)
				BeforeProcessingInitializeOnLoad (170ms)
				ProcessInitializeOnLoadAttributes (699ms)
				ProcessInitializeOnLoadMethodAttributes (152ms)
				AfterProcessingInitializeOnLoad (11ms)
				EditorAssembliesLoaded (0ms)
			ExecutionOrderSort2 (0ms)
			AwakeInstancesAfterBackupRestoration (10ms)
Platform modules already initialized, skipping
========================================================================
Worker process is ready to serve import requests
Shader 'Oculus/OVRMRCameraFrameLit': fallback shader 'Alpha-Diffuse' not found
Shader 'Custom/NewSurfaceShader': fallback shader 'Legacy Shaders/Transparent/Vertexlit' not found
Launched and connected shader compiler UnityShaderCompiler.exe after 0.06 seconds
Refreshing native plugins compatible for Editor in 3.85 ms, found 19 plugins.
Preloading 1 native plugins for Editor in 0.15 ms.
Unloading 6917 Unused Serialized files (Serialized files now loaded: 0)
Unloading 160 unused Assets / (1.6 MB). Loaded Objects now: 7286.
Memory consumption went from 291.3 MB to 289.7 MB.
Total: 12.357700 ms (FindLiveObjects: 0.727800 ms CreateObjectMapping: 0.791100 ms MarkObjects: 10.086600 ms  DeleteObjects: 0.750600 ms)

AssetImportParameters requested are different than current active one (requested -> active):
  custom:video-decoder-ogg-theora: a1e56fd34408186e4bbccfd4996cb3dc -> 
  custom:container-muxer-webm: aa71ff27fc2769a1b78a27578f13a17b -> 
  custom:container-demuxer-webm: 4f35f7cbe854078d1ac9338744f61a02 -> 
  custom:video-encoder-webm-vp8: eb34c28f22e8b96e1ab97ce403110664 -> 
  custom:audio-encoder-webm-vorbis: bf7c407c2cedff20999df2af8eb42d56 -> 
  custom:framework-win-MediaFoundation: 216162199b28c13a410421893ffa2e32 -> 
  custom:container-demuxer-ogg: 62fdf1f143b41e24485cea50d1cbac27 -> 
  custom:video-decoder-webm-vp8: 9c59270c3fd7afecdb556c50c9e8de78 -> 
  custom:audio-decoder-ogg-vorbis: bf7c407c2cedff20999df2af8eb42d56 -> 
========================================================================
Received Import Request.
  Time since last request: 15530.359620 seconds.
  path: Assets/02.Script/MBTILuck.cs
  artifactKey: Guid(5c39fcc95e4b6914ea9a6fc0d391fcdd) Importer(815301076,1909f56bfc062723c751e8b465ee728b)
Start importing Assets/02.Script/MBTILuck.cs using Guid(5c39fcc95e4b6914ea9a6fc0d391fcdd) Importer(815301076,1909f56bfc062723c751e8b465ee728b)  -> (artifact id: '41259cd4c5316c9fbe5d5d6dd32135fb') in 0.037389 seconds 
========================================================================
Received Import Request.
  Time since last request: 1.987353 seconds.
  path: Assets/02.Script/MBTIManager.cs
  artifactKey: Guid(7f91c1ff84ad3e04a9d32ba95ebbf657) Importer(815301076,1909f56bfc062723c751e8b465ee728b)
Start importing Assets/02.Script/MBTIManager.cs using Guid(7f91c1ff84ad3e04a9d32ba95ebbf657) Importer(815301076,1909f56bfc062723c751e8b465ee728b)  -> (artifact id: 'c013ec3a6ee2538bcccc167286069dd7') in 0.006522 seconds 
========================================================================
Received Import Request.
  Time since last request: 0.181067 seconds.
  path: Assets/02.Script/MovementChange.cs
  artifactKey: Guid(11f54d605d29d73499ce016586d24cd3) Importer(815301076,1909f56bfc062723c751e8b465ee728b)
Start importing Assets/02.Script/MovementChange.cs using Guid(11f54d605d29d73499ce016586d24cd3) Importer(815301076,1909f56bfc062723c751e8b465ee728b)  -> (artifact id: '646ebc0cc8526fc035b8f780937f8bff') in 0.006494 seconds 
========================================================================
Received Import Request.
  Time since last request: 0.690539 seconds.
  path: Assets/02.Script/MyManager.cs
  artifactKey: Guid(6743f7d6f0e0c2046b29d355837d14e1) Importer(815301076,1909f56bfc062723c751e8b465ee728b)
Start importing Assets/02.Script/MyManager.cs using Guid(6743f7d6f0e0c2046b29d355837d14e1) Importer(815301076,1909f56bfc062723c751e8b465ee728b)  -> (artifact id: '0fa4793f7fddc71c1544d263b7374936') in 0.007718 seconds 
========================================================================
Received Import Request.
  Time since last request: 0.155031 seconds.
  path: Assets/02.Script/OnOffManager.cs
  artifactKey: Guid(f88af33a1e1d2c945b8a015a243a4fac) Importer(815301076,1909f56bfc062723c751e8b465ee728b)
Start importing Assets/02.Script/OnOffManager.cs using Guid(f88af33a1e1d2c945b8a015a243a4fac) Importer(815301076,1909f56bfc062723c751e8b465ee728b)  -> (artifact id: 'e8e400035a05618c6bb1ab58ab6d636c') in 0.006693 seconds 
========================================================================
Received Import Request.
  Time since last request: 0.170911 seconds.
  path: Assets/02.Script/PhontonControl.cs
  artifactKey: Guid(d9d90b62061d65e4a9baa3740a37f4fa) Importer(815301076,1909f56bfc062723c751e8b465ee728b)
Start importing Assets/02.Script/PhontonControl.cs using Guid(d9d90b62061d65e4a9baa3740a37f4fa) Importer(815301076,1909f56bfc062723c751e8b465ee728b)  -> (artifact id: '0ab8578d0920ec6b3dd5e8b27c0fb9c5') in 0.006141 seconds 
========================================================================
Received Import Request.
  Time since last request: 0.153989 seconds.
  path: Assets/02.Script/PlayerMove.cs
  artifactKey: Guid(1f04faf2d750d314eb084ee55cfdc93a) Importer(815301076,1909f56bfc062723c751e8b465ee728b)
Start importing Assets/02.Script/PlayerMove.cs using Guid(1f04faf2d750d314eb084ee55cfdc93a) Importer(815301076,1909f56bfc062723c751e8b465ee728b)  -> (artifact id: '81266e9bdc28928926629f1aa1151167') in 0.006431 seconds 
========================================================================
Received Import Request.
  Time since last request: 0.157345 seconds.
  path: Assets/02.Script/PlayfabLoad.cs
  artifactKey: Guid(455378ac95dbd6a4abe7191658a77706) Importer(815301076,1909f56bfc062723c751e8b465ee728b)
Start importing Assets/02.Script/PlayfabLoad.cs using Guid(455378ac95dbd6a4abe7191658a77706) Importer(815301076,1909f56bfc062723c751e8b465ee728b)  -> (artifact id: 'ade2b024e89da76c8ff1612e9d8ff1c0') in 0.007809 seconds 
========================================================================
Received Import Request.
  Time since last request: 0.145366 seconds.
  path: Assets/02.Script/ScaleManager.cs
  artifactKey: Guid(99485e9f2acf91c4298ad28d6b68066b) Importer(815301076,1909f56bfc062723c751e8b465ee728b)
Start importing Assets/02.Script/ScaleManager.cs using Guid(99485e9f2acf91c4298ad28d6b68066b) Importer(815301076,1909f56bfc062723c751e8b465ee728b)  -> (artifact id: '68394592466e0b63d55c9e4562b841ec') in 0.006342 seconds 
========================================================================
Received Import Request.
  Time since last request: 0.163503 seconds.
  path: Assets/02.Script/SceneBack.cs
  artifactKey: Guid(c8dcebb7cef996e4b80d22a8af3dfdd2) Importer(815301076,1909f56bfc062723c751e8b465ee728b)
Start importing Assets/02.Script/SceneBack.cs using Guid(c8dcebb7cef996e4b80d22a8af3dfdd2) Importer(815301076,1909f56bfc062723c751e8b465ee728b)  -> (artifact id: '8334e524bb7bd40001f2021eb002ca97') in 0.006453 seconds 
========================================================================
Received Import Request.
  Time since last request: 0.159734 seconds.
  path: Assets/02.Script/ServerManager.cs
  artifactKey: Guid(9b77e0b713974f34aa4da859f879c4fc) Importer(815301076,1909f56bfc062723c751e8b465ee728b)
Start importing Assets/02.Script/ServerManager.cs using Guid(9b77e0b713974f34aa4da859f879c4fc) Importer(815301076,1909f56bfc062723c751e8b465ee728b)  -> (artifact id: 'b1dacac81a1ff8696beafad51cf87b5f') in 0.007413 seconds 
========================================================================
Received Import Request.
  Time since last request: 0.160623 seconds.
  path: Assets/02.Script/SpeechManager.cs
  artifactKey: Guid(fe2880ee754c1224a87594d29f5db2f4) Importer(815301076,1909f56bfc062723c751e8b465ee728b)
Start importing Assets/02.Script/SpeechManager.cs using Guid(fe2880ee754c1224a87594d29f5db2f4) Importer(815301076,1909f56bfc062723c751e8b465ee728b)  -> (artifact id: 'ffc8063c6b06a1194edc9dfd3fb84cb2') in 0.006867 seconds 
========================================================================
Received Import Request.
  Time since last request: 0.157311 seconds.
  path: Assets/02.Script/TeleportManager.cs
  artifactKey: Guid(0fef1b4b80d3e95459b44b57a8a437ce) Importer(815301076,1909f56bfc062723c751e8b465ee728b)
Start importing Assets/02.Script/TeleportManager.cs using Guid(0fef1b4b80d3e95459b44b57a8a437ce) Importer(815301076,1909f56bfc062723c751e8b465ee728b)  -> (artifact id: '4f5d36ba8c39c9239149a3b0082304a5') in 0.006751 seconds 
========================================================================
Received Import Request.
  Time since last request: 0.158064 seconds.
  path: Assets/02.Script/VRRig.cs
  artifactKey: Guid(27809a0674e888740ba8aad411f26387) Importer(815301076,1909f56bfc062723c751e8b465ee728b)
Start importing Assets/02.Script/VRRig.cs using Guid(27809a0674e888740ba8aad411f26387) Importer(815301076,1909f56bfc062723c751e8b465ee728b)  -> (artifact id: '1ac00a601d7198f6649c1f078c958130') in 0.006087 seconds 
========================================================================
Received Import Request.
  Time since last request: 0.165436 seconds.
  path: Assets/02.Script/XRInputManager.cs
  artifactKey: Guid(7bcd1e30cc46e2143a30c62c6d7738dc) Importer(815301076,1909f56bfc062723c751e8b465ee728b)
Start importing Assets/02.Script/XRInputManager.cs using Guid(7bcd1e30cc46e2143a30c62c6d7738dc) Importer(815301076,1909f56bfc062723c751e8b465ee728b)  -> (artifact id: 'bf01ce0df241e9bc2a4240c3713ebdb1') in 0.006262 seconds 
========================================================================
Received Import Request.
  Time since last request: 47.696691 seconds.
  path: Assets/01.Scenes/02.Server.unity
  artifactKey: Guid(1bcaa299a5493f84f94ead0ab1ec9359) Importer(815301076,1909f56bfc062723c751e8b465ee728b)
Start importing Assets/01.Scenes/02.Server.unity using Guid(1bcaa299a5493f84f94ead0ab1ec9359) Importer(815301076,1909f56bfc062723c751e8b465ee728b)  -> (artifact id: '4ea3bef79f05521b2839cafde76aa81d') in 0.019201 seconds 
========================================================================
Received Prepare
Registering precompiled user dll's ...
Registered in 0.023044 seconds.
